<?xml version="1.0" encoding="UTF-8"?>
<!-- Generated by org.testng.reporters.JUnitXMLReporter -->
<testsuite ignored="0" hostname="DESKTOP-5PEM2PN" failures="0" tests="1" name="validateCareersPage" time="0.203" errors="0" timestamp="2022-06-26T13:39:53 IST">
  <testcase classname="Cybage.CareersPage" name="@BeforeTest initializeAllMethods" time="0.017">
    <failure type="java.io.FileNotFoundException" message="C:\Users\HPSInstall\eclipse-workspace\CybageCorporateWebsiteReDesign\src\main\java\resources\data.properties (The system cannot find the path specified)">
      <![CDATA[java.io.FileNotFoundException: C:\Users\HPSInstall\eclipse-workspace\CybageCorporateWebsiteReDesign\src\main\java\resources\data.properties (The system cannot find the path specified)
at java.base/java.io.FileInputStream.open0(Native Method)
at java.base/java.io.FileInputStream.open(FileInputStream.java:216)
at java.base/java.io.FileInputStream.<init>(FileInputStream.java:157)
at java.base/java.io.FileInputStream.<init>(FileInputStream.java:111)
at resources.base.initializeDriver(base.java:27)
at Cybage.CareersPage.initializeAllMethods(CareersPage.java:23)
at java.base/java.util.concurrent.FutureTask.run(FutureTask.java:264)
at java.base/java.util.concurrent.ThreadPoolExecutor.runWorker(ThreadPoolExecutor.java:1136)
at java.base/java.util.concurrent.ThreadPoolExecutor$Worker.run(ThreadPoolExecutor.java:635)
at java.base/java.lang.Thread.run(Thread.java:833)
... Removed 15 stack frames]]>
    </failure>
  </testcase> <!-- @BeforeTest initializeAllMethods -->
  <testcase classname="Cybage.CareersPage" name="@AfterTest tearDown" time="-1.65623099371E9">
    <skipped/>
  </testcase> <!-- @AfterTest tearDown -->
  <testcase classname="Cybage.CareersPage" name="searchJob" time="0.0">
    <skipped/>
  </testcase> <!-- searchJob -->
</testsuite> <!-- validateCareersPage -->
